[
  {
    "level": "INFO",
    "message": "android.ndkVersion from module build.gradle is not set"
  },
  {
    "level": "INFO",
    "message": "ndk.dir in local.properties is D:\\androidSdk\\ndk\\18.1.5063045"
  },
  {
    "level": "INFO",
    "message": "ANDROID_NDK_HOME environment variable is not set"
  },
  {
    "level": "INFO",
    "message": "sdkFolder is D:\\androidSdk"
  },
  {
    "level": "INFO",
    "message": "Considering D:\\androidSdk\\ndk\\18.1.5063045 by ndk.dir"
  },
  {
    "level": "INFO",
    "message": "Considering D:\\androidSdk\\ndk-bundle in SDK ndk-bundle folder"
  },
  {
    "level": "INFO",
    "message": "Considering D:\\androidSdk\\ndk\\18.1.5063045 in SDK ndk folder"
  },
  {
    "level": "INFO",
    "message": "Considering D:\\androidSdk\\ndk\\21.0.6113669 in SDK ndk folder"
  },
  {
    "level": "INFO",
    "message": "Considering D:\\androidSdk\\ndk\\21.3.6528147 in SDK ndk folder"
  },
  {
    "level": "INFO",
    "message": "Rejected D:\\androidSdk\\ndk\\21.0.6113669 in SDK ndk folder because that location has no source.properties"
  },
  {
    "level": "INFO",
    "message": "Found requested ndk.dir (D:\\androidSdk\\ndk\\18.1.5063045) which has version 18.1.5063045"
  }
]